js:1  Failed to load resource: net::ERR_BLOCKED_BY_CONTENT_BLOCKER
30b4a5f71a7e3396.js?dpl=dpl_FWVqPUgY8CUTqkhKpZM1eZRFQGbW:1 [olera] init: 13.02099609375 ms
The resource <URL> was preloaded using link preload but not used within a few seconds from the window's load event. Please make sure it has an appropriate `as` value and it is preloaded intentionally.
The resource <URL> was preloaded using link preload but not used within a few seconds from the window's load event. Please make sure it has an appropriate `as` value and it is preloaded intentionally.
The resource <URL> was preloaded using link preload but not used within a few seconds from the window's load event. Please make sure it has an appropriate `as` value and it is preloaded intentionally.
The resource <URL> was preloaded using link preload but not used within a few seconds from the window's load event. Please make sure it has an appropriate `as` value and it is preloaded intentionally.
The resource <URL> was preloaded using link preload but not used within a few seconds from the window's load event. Please make sure it has an appropriate `as` value and it is preloaded intentionally.
The resource <URL> was preloaded using link preload but not used within a few seconds from the window's load event. Please make sure it has an appropriate `as` value and it is preloaded intentionally.
The resource <URL> was preloaded using link preload but not used within a few seconds from the window's load event. Please make sure it has an appropriate `as` value and it is preloaded intentionally.
The resource <URL> was preloaded using link preload but not used within a few seconds from the window's load event. Please make sure it has an appropriate `as` value and it is preloaded intentionally.
The resource <URL> was preloaded using link preload but not used within a few seconds from the window's load event. Please make sure it has an appropriate `as` value and it is preloaded intentionally.
The resource <URL> was preloaded using link preload but not used within a few seconds from the window's load event. Please make sure it has an appropriate `as` value and it is preloaded intentionally.
The resource <URL> was preloaded using link preload but not used within a few seconds from the window's load event. Please make sure it has an appropriate `as` value and it is preloaded intentionally.
The resource <URL> was preloaded using link preload but not used within a few seconds from the window's load event. Please make sure it has an appropriate `as` value and it is preloaded intentionally.
The resource <URL> was preloaded using link preload but not used within a few seconds from the window's load event. Please make sure it has an appropriate `as` value and it is preloaded intentionally.
The resource <URL> was preloaded using link preload but not used within a few seconds from the window's load event. Please make sure it has an appropriate `as` value and it is preloaded intentionally.
The resource <URL> was preloaded using link preload but not used within a few seconds from the window's load event. Please make sure it has an appropriate `as` value and it is preloaded intentionally.
aggie-assisted-living-college-station-tx-t66r:1 The resource https://olera-7q7lsm2qo-olera.vercel.app/images/nia-logo.png was preloaded using link preload but not used within a few seconds from the window's load event. Please make sure it has an appropriate `as` value and it is preloaded intentionally.
aggie-assisted-living-college-station-tx-t66r:1 The resource https://olera-7q7lsm2qo-olera.vercel.app/images/nia-logo.png was preloaded using link preload but not used within a few seconds from the window's load event. Please make sure it has an appropriate `as` value and it is preloaded intentionally.
aggie-assisted-living-college-station-tx-t66r:1 The resource https://olera-7q7lsm2qo-olera.vercel.app/images/nia-logo.png was preloaded using link preload but not used within a few seconds from the window's load event. Please make sure it has an appropriate `as` value and it is preloaded intentionally.
aggie-assisted-living-college-station-tx-t66r:1 The resource https://olera-7q7lsm2qo-olera.vercel.app/images/nia-logo.png was preloaded using link preload but not used within a few seconds from the window's load event. Please make sure it has an appropriate `as` value and it is preloaded intentionally.
/welcome?from=benefits&matches=1:1 The resource https://olera-7q7lsm2qo-olera.vercel.app/images/nia-logo.png was preloaded using link preload but not used within a few seconds from the window's load event. Please make sure it has an appropriate `as` value and it is preloaded intentionally.
/welcome?from=benefits&matches=1:1 The resource https://olera-7q7lsm2qo-olera.vercel.app/images/nia-logo.png was preloaded using link preload but not used within a few seconds from the window's load event. Please make sure it has an appropriate `as` value and it is preloaded intentionally.
/welcome?from=benefits&matches=1:1 The resource https://olera-7q7lsm2qo-olera.vercel.app/images/nia-logo.png was preloaded using link preload but not used within a few seconds from the window's load event. Please make sure it has an appropriate `as` value and it is preloaded intentionally.
/welcome?from=benefits&matches=1:1 The resource https://olera-7q7lsm2qo-olera.vercel.app/images/nia-logo.png was preloaded using link preload but not used within a few seconds from the window's load event. Please make sure it has an appropriate `as` value and it is preloaded intentionally.
/welcome?from=benefits&matches=1:1 The resource https://olera-7q7lsm2qo-olera.vercel.app/images/nia-logo.png was preloaded using link preload but not used within a few seconds from the window's load event. Please make sure it has an appropriate `as` value and it is preloaded intentionally.
/welcome?from=benefits&matches=1:1 The resource https://olera-7q7lsm2qo-olera.vercel.app/images/nia-logo.png was preloaded using link preload but not used within a few seconds from the window's load event. Please make sure it has an appropriate `as` value and it is preloaded intentionally.
/welcome?from=benefits&matches=1:1 The resource https://olera-7q7lsm2qo-olera.vercel.app/images/nia-logo.png was preloaded using link preload but not used within a few seconds from the window's load event. Please make sure it has an appropriate `as` value and it is preloaded intentionally.
/welcome?from=benefits&matches=1:1 The resource https://olera-7q7lsm2qo-olera.vercel.app/images/nia-logo.png was preloaded using link preload but not used within a few seconds from the window's load event. Please make sure it has an appropriate `as` value and it is preloaded intentionally.
/welcome?from=benefits&matches=1:1 The resource https://olera-7q7lsm2qo-olera.vercel.app/images/nia-logo.png was preloaded using link preload but not used within a few seconds from the window's load event. Please make sure it has an appropriate `as` value and it is preloaded intentionally.
/welcome?from=benefits&matches=1:1 The resource https://olera-7q7lsm2qo-olera.vercel.app/images/nia-logo.png was preloaded using link preload but not used within a few seconds from the window's load event. Please make sure it has an appropriate `as` value and it is preloaded intentionally.
/welcome?from=benefits&matches=1:1 The resource https://olera-7q7lsm2qo-olera.vercel.app/images/nia-logo.png was preloaded using link preload but not used within a few seconds from the window's load event. Please make sure it has an appropriate `as` value and it is preloaded intentionally.
861139ad2963cba7.js?dpl=dpl_FWVqPUgY8CUTqkhKpZM1eZRFQGbW:1 [benefits-save-timings] --- START ---
861139ad2963cba7.js?dpl=dpl_FWVqPUgY8CUTqkhKpZM1eZRFQGbW:1 [benefits-save-timings] before_fetch: 0ms
861139ad2963cba7.js?dpl=dpl_FWVqPUgY8CUTqkhKpZM1eZRFQGbW:1 [benefits-save-timings] fetch_done: 1362ms
861139ad2963cba7.js?dpl=dpl_FWVqPUgY8CUTqkhKpZM1eZRFQGbW:1 [benefits-save-timings] json_parsed: 1363ms
861139ad2963cba7.js?dpl=dpl_FWVqPUgY8CUTqkhKpZM1eZRFQGbW:1 [benefits-save-timings] before_set_session: 1363ms
073689e2a3bce804.js?dpl=dpl_FWVqPUgY8CUTqkhKpZM1eZRFQGbW:1  GET https://olera-7q7lsm2qo-olera.vercel.app/api/admin/auth 403 (Forbidden)
(anonymous) @ 073689e2a3bce804.js?dpl=dpl_FWVqPUgY8CUTqkhKpZM1eZRFQGbW:1
ih @ 961311cbebbffb6d.js?dpl=dpl_FWVqPUgY8CUTqkhKpZM1eZRFQGbW:1
uf @ 961311cbebbffb6d.js?dpl=dpl_FWVqPUgY8CUTqkhKpZM1eZRFQGbW:1
uc @ 961311cbebbffb6d.js?dpl=dpl_FWVqPUgY8CUTqkhKpZM1eZRFQGbW:1
uf @ 961311cbebbffb6d.js?dpl=dpl_FWVqPUgY8CUTqkhKpZM1eZRFQGbW:1
uc @ 961311cbebbffb6d.js?dpl=dpl_FWVqPUgY8CUTqkhKpZM1eZRFQGbW:1
uf @ 961311cbebbffb6d.js?dpl=dpl_FWVqPUgY8CUTqkhKpZM1eZRFQGbW:1
uc @ 961311cbebbffb6d.js?dpl=dpl_FWVqPUgY8CUTqkhKpZM1eZRFQGbW:1
uf @ 961311cbebbffb6d.js?dpl=dpl_FWVqPUgY8CUTqkhKpZM1eZRFQGbW:1
uc @ 961311cbebbffb6d.js?dpl=dpl_FWVqPUgY8CUTqkhKpZM1eZRFQGbW:1
uf @ 961311cbebbffb6d.js?dpl=dpl_FWVqPUgY8CUTqkhKpZM1eZRFQGbW:1
uc @ 961311cbebbffb6d.js?dpl=dpl_FWVqPUgY8CUTqkhKpZM1eZRFQGbW:1
uf @ 961311cbebbffb6d.js?dpl=dpl_FWVqPUgY8CUTqkhKpZM1eZRFQGbW:1
uc @ 961311cbebbffb6d.js?dpl=dpl_FWVqPUgY8CUTqkhKpZM1eZRFQGbW:1
uf @ 961311cbebbffb6d.js?dpl=dpl_FWVqPUgY8CUTqkhKpZM1eZRFQGbW:1
uc @ 961311cbebbffb6d.js?dpl=dpl_FWVqPUgY8CUTqkhKpZM1eZRFQGbW:1
uf @ 961311cbebbffb6d.js?dpl=dpl_FWVqPUgY8CUTqkhKpZM1eZRFQGbW:1
uc @ 961311cbebbffb6d.js?dpl=dpl_FWVqPUgY8CUTqkhKpZM1eZRFQGbW:1
uf @ 961311cbebbffb6d.js?dpl=dpl_FWVqPUgY8CUTqkhKpZM1eZRFQGbW:1
uc @ 961311cbebbffb6d.js?dpl=dpl_FWVqPUgY8CUTqkhKpZM1eZRFQGbW:1
uf @ 961311cbebbffb6d.js?dpl=dpl_FWVqPUgY8CUTqkhKpZM1eZRFQGbW:1
uc @ 961311cbebbffb6d.js?dpl=dpl_FWVqPUgY8CUTqkhKpZM1eZRFQGbW:1
uf @ 961311cbebbffb6d.js?dpl=dpl_FWVqPUgY8CUTqkhKpZM1eZRFQGbW:1
uc @ 961311cbebbffb6d.js?dpl=dpl_FWVqPUgY8CUTqkhKpZM1eZRFQGbW:1
uf @ 961311cbebbffb6d.js?dpl=dpl_FWVqPUgY8CUTqkhKpZM1eZRFQGbW:1
uc @ 961311cbebbffb6d.js?dpl=dpl_FWVqPUgY8CUTqkhKpZM1eZRFQGbW:1
uf @ 961311cbebbffb6d.js?dpl=dpl_FWVqPUgY8CUTqkhKpZM1eZRFQGbW:1
uc @ 961311cbebbffb6d.js?dpl=dpl_FWVqPUgY8CUTqkhKpZM1eZRFQGbW:1
uf @ 961311cbebbffb6d.js?dpl=dpl_FWVqPUgY8CUTqkhKpZM1eZRFQGbW:1
uc @ 961311cbebbffb6d.js?dpl=dpl_FWVqPUgY8CUTqkhKpZM1eZRFQGbW:1
uf @ 961311cbebbffb6d.js?dpl=dpl_FWVqPUgY8CUTqkhKpZM1eZRFQGbW:1
uc @ 961311cbebbffb6d.js?dpl=dpl_FWVqPUgY8CUTqkhKpZM1eZRFQGbW:1
uf @ 961311cbebbffb6d.js?dpl=dpl_FWVqPUgY8CUTqkhKpZM1eZRFQGbW:1
uc @ 961311cbebbffb6d.js?dpl=dpl_FWVqPUgY8CUTqkhKpZM1eZRFQGbW:1
uf @ 961311cbebbffb6d.js?dpl=dpl_FWVqPUgY8CUTqkhKpZM1eZRFQGbW:1
uc @ 961311cbebbffb6d.js?dpl=dpl_FWVqPUgY8CUTqkhKpZM1eZRFQGbW:1
uf @ 961311cbebbffb6d.js?dpl=dpl_FWVqPUgY8CUTqkhKpZM1eZRFQGbW:1
uc @ 961311cbebbffb6d.js?dpl=dpl_FWVqPUgY8CUTqkhKpZM1eZRFQGbW:1
uf @ 961311cbebbffb6d.js?dpl=dpl_FWVqPUgY8CUTqkhKpZM1eZRFQGbW:1
uc @ 961311cbebbffb6d.js?dpl=dpl_FWVqPUgY8CUTqkhKpZM1eZRFQGbW:1
uf @ 961311cbebbffb6d.js?dpl=dpl_FWVqPUgY8CUTqkhKpZM1eZRFQGbW:1
uc @ 961311cbebbffb6d.js?dpl=dpl_FWVqPUgY8CUTqkhKpZM1eZRFQGbW:1
uf @ 961311cbebbffb6d.js?dpl=dpl_FWVqPUgY8CUTqkhKpZM1eZRFQGbW:1
uc @ 961311cbebbffb6d.js?dpl=dpl_FWVqPUgY8CUTqkhKpZM1eZRFQGbW:1
uf @ 961311cbebbffb6d.js?dpl=dpl_FWVqPUgY8CUTqkhKpZM1eZRFQGbW:1
uc @ 961311cbebbffb6d.js?dpl=dpl_FWVqPUgY8CUTqkhKpZM1eZRFQGbW:1
uf @ 961311cbebbffb6d.js?dpl=dpl_FWVqPUgY8CUTqkhKpZM1eZRFQGbW:1
uc @ 961311cbebbffb6d.js?dpl=dpl_FWVqPUgY8CUTqkhKpZM1eZRFQGbW:1
uf @ 961311cbebbffb6d.js?dpl=dpl_FWVqPUgY8CUTqkhKpZM1eZRFQGbW:1
uc @ 961311cbebbffb6d.js?dpl=dpl_FWVqPUgY8CUTqkhKpZM1eZRFQGbW:1
uf @ 961311cbebbffb6d.js?dpl=dpl_FWVqPUgY8CUTqkhKpZM1eZRFQGbW:1
uc @ 961311cbebbffb6d.js?dpl=dpl_FWVqPUgY8CUTqkhKpZM1eZRFQGbW:1
uf @ 961311cbebbffb6d.js?dpl=dpl_FWVqPUgY8CUTqkhKpZM1eZRFQGbW:1
uc @ 961311cbebbffb6d.js?dpl=dpl_FWVqPUgY8CUTqkhKpZM1eZRFQGbW:1
uf @ 961311cbebbffb6d.js?dpl=dpl_FWVqPUgY8CUTqkhKpZM1eZRFQGbW:1
uc @ 961311cbebbffb6d.js?dpl=dpl_FWVqPUgY8CUTqkhKpZM1eZRFQGbW:1
uf @ 961311cbebbffb6d.js?dpl=dpl_FWVqPUgY8CUTqkhKpZM1eZRFQGbW:1
uc @ 961311cbebbffb6d.js?dpl=dpl_FWVqPUgY8CUTqkhKpZM1eZRFQGbW:1
uf @ 961311cbebbffb6d.js?dpl=dpl_FWVqPUgY8CUTqkhKpZM1eZRFQGbW:1
uc @ 961311cbebbffb6d.js?dpl=dpl_FWVqPUgY8CUTqkhKpZM1eZRFQGbW:1
uf @ 961311cbebbffb6d.js?dpl=dpl_FWVqPUgY8CUTqkhKpZM1eZRFQGbW:1
uc @ 961311cbebbffb6d.js?dpl=dpl_FWVqPUgY8CUTqkhKpZM1eZRFQGbW:1
uf @ 961311cbebbffb6d.js?dpl=dpl_FWVqPUgY8CUTqkhKpZM1eZRFQGbW:1
uc @ 961311cbebbffb6d.js?dpl=dpl_FWVqPUgY8CUTqkhKpZM1eZRFQGbW:1
uf @ 961311cbebbffb6d.js?dpl=dpl_FWVqPUgY8CUTqkhKpZM1eZRFQGbW:1
uc @ 961311cbebbffb6d.js?dpl=dpl_FWVqPUgY8CUTqkhKpZM1eZRFQGbW:1
uf @ 961311cbebbffb6d.js?dpl=dpl_FWVqPUgY8CUTqkhKpZM1eZRFQGbW:1
uc @ 961311cbebbffb6d.js?dpl=dpl_FWVqPUgY8CUTqkhKpZM1eZRFQGbW:1
uf @ 961311cbebbffb6d.js?dpl=dpl_FWVqPUgY8CUTqkhKpZM1eZRFQGbW:1
uc @ 961311cbebbffb6d.js?dpl=dpl_FWVqPUgY8CUTqkhKpZM1eZRFQGbW:1
uf @ 961311cbebbffb6d.js?dpl=dpl_FWVqPUgY8CUTqkhKpZM1eZRFQGbW:1
uc @ 961311cbebbffb6d.js?dpl=dpl_FWVqPUgY8CUTqkhKpZM1eZRFQGbW:1
uf @ 961311cbebbffb6d.js?dpl=dpl_FWVqPUgY8CUTqkhKpZM1eZRFQGbW:1
sE @ 961311cbebbffb6d.js?dpl=dpl_FWVqPUgY8CUTqkhKpZM1eZRFQGbW:1
sS @ 961311cbebbffb6d.js?dpl=dpl_FWVqPUgY8CUTqkhKpZM1eZRFQGbW:1
sV @ 961311cbebbffb6d.js?dpl=dpl_FWVqPUgY8CUTqkhKpZM1eZRFQGbW:1
O @ 961311cbebbffb6d.js?dpl=dpl_FWVqPUgY8CUTqkhKpZM1eZRFQGbW:1
postMessage
i @ 961311cbebbffb6d.js?dpl=dpl_FWVqPUgY8CUTqkhKpZM1eZRFQGbW:1
O @ 961311cbebbffb6d.js?dpl=dpl_FWVqPUgY8CUTqkhKpZM1eZRFQGbW:1
postMessage
i @ 961311cbebbffb6d.js?dpl=dpl_FWVqPUgY8CUTqkhKpZM1eZRFQGbW:1
(anonymous) @ 961311cbebbffb6d.js?dpl=dpl_FWVqPUgY8CUTqkhKpZM1eZRFQGbW:1
sB @ 961311cbebbffb6d.js?dpl=dpl_FWVqPUgY8CUTqkhKpZM1eZRFQGbW:1
sU @ 961311cbebbffb6d.js?dpl=dpl_FWVqPUgY8CUTqkhKpZM1eZRFQGbW:1
(anonymous) @ 961311cbebbffb6d.js?dpl=dpl_FWVqPUgY8CUTqkhKpZM1eZRFQGbW:1
30b4a5f71a7e3396.js?dpl=dpl_FWVqPUgY8CUTqkhKpZM1eZRFQGbW:1 [olera] SIGNED_IN fetch failed: Error: accounts query timed out after 5000ms
    at 30b4a5f71a7e3396.js?dpl=dpl_FWVqPUgY8CUTqkhKpZM1eZRFQGbW:1:10937
(anonymous) @ 30b4a5f71a7e3396.js?dpl=dpl_FWVqPUgY8CUTqkhKpZM1eZRFQGbW:1
await in (anonymous)
(anonymous) @ 65b0d0eb7259b3ed.js?dpl=dpl_FWVqPUgY8CUTqkhKpZM1eZRFQGbW:37
_notifyAllSubscribers @ 65b0d0eb7259b3ed.js?dpl=dpl_FWVqPUgY8CUTqkhKpZM1eZRFQGbW:37
_setSession @ 65b0d0eb7259b3ed.js?dpl=dpl_FWVqPUgY8CUTqkhKpZM1eZRFQGbW:37
await in _setSession
(anonymous) @ 65b0d0eb7259b3ed.js?dpl=dpl_FWVqPUgY8CUTqkhKpZM1eZRFQGbW:37
(anonymous) @ 65b0d0eb7259b3ed.js?dpl=dpl_FWVqPUgY8CUTqkhKpZM1eZRFQGbW:37
(anonymous) @ 65b0d0eb7259b3ed.js?dpl=dpl_FWVqPUgY8CUTqkhKpZM1eZRFQGbW:24
861139ad2963cba7.js?dpl=dpl_FWVqPUgY8CUTqkhKpZM1eZRFQGbW:1 [benefits-save-timings] set_session_done: 7311ms
861139ad2963cba7.js?dpl=dpl_FWVqPUgY8CUTqkhKpZM1eZRFQGbW:1 [benefits-save-timings] before_navigate: 7311ms
861139ad2963cba7.js?dpl=dpl_FWVqPUgY8CUTqkhKpZM1eZRFQGbW:1 [benefits-save-timings] navigate_called: 7315ms
VM55 69f48b2cbf9ce690.js:13 [welcome-card] {connectionIdParam: null, connectionExists: false, toProfile: null, isConnected: false, showConnectionCard: false, …}
VM55 69f48b2cbf9ce690.js:1 [benefits-save-timings] welcome_mounted (page-side)
VM55 69f48b2cbf9ce690.js:13 [welcome-card] {connectionIdParam: null, connectionExists: false, toProfile: null, isConnected: false, showConnectionCard: false, …}
30b4a5f71a7e3396.js?dpl=dpl_FWVqPUgY8CUTqkhKpZM1eZRFQGbW:1 [olera] query: accounts-mwonhw: 813.58984375 ms
30b4a5f71a7e3396.js?dpl=dpl_FWVqPUgY8CUTqkhKpZM1eZRFQGbW:1 [olera] query: profiles+membership-mwonhw: 243.7060546875 ms
30b4a5f71a7e3396.js?dpl=dpl_FWVqPUgY8CUTqkhKpZM1eZRFQGbW:1 [olera] fetchAccountData-mwonhw: 1057.468994140625 ms
VM55 69f48b2cbf9ce690.js:13 [welcome-card] {connectionIdParam: null, connectionExists: false, toProfile: null, isConnected: false, showConnectionCard: false, …}
VM55 69f48b2cbf9ce690.js:1 [benefits-save-timings] welcome_activeProfile_ready
VM55 69f48b2cbf9ce690.js:13 [welcome-card] {connectionIdParam: null, connectionExists: false, toProfile: null, isConnected: false, showConnectionCard: false, …}
VM55 69f48b2cbf9ce690.js:13 [welcome-card] {connectionIdParam: null, connectionExists: false, toProfile: null, isConnected: false, showConnectionCard: false, …}
VM55 69f48b2cbf9ce690.js:13 [welcome-card] {connectionIdParam: null, connectionExists: false, toProfile: null, isConnected: false, showConnectionCard: false, …}
VM55 69f48b2cbf9ce690.js:13 [welcome-card] {connectionIdParam: null, connectionExists: false, toProfile: null, isConnected: false, showConnectionCard: false, …}
VM55 69f48b2cbf9ce690.js:1 [benefits-save-timings] welcome_activeProfile_ready
VM55 69f48b2cbf9ce690.js:13 [welcome-card] {connectionIdParam: null, connectionExists: false, toProfile: null, isConnected: false, showConnectionCard: false, …}
VM55 69f48b2cbf9ce690.js:13 [welcome-card] {connectionIdParam: null, connectionExists: false, toProfile: null, isConnected: false, showConnectionCard: false, …}
073689e2a3bce804.js?dpl=dpl_FWVqPUgY8CUTqkhKpZM1eZRFQGbW:1  GET https://olera-7q7lsm2qo-olera.vercel.app/api/admin/auth 403 (Forbidden)
(anonymous) @ 073689e2a3bce804.js?dpl=dpl_FWVqPUgY8CUTqkhKpZM1eZRFQGbW:1
ih @ 961311cbebbffb6d.js?dpl=dpl_FWVqPUgY8CUTqkhKpZM1eZRFQGbW:1
uf @ 961311cbebbffb6d.js?dpl=dpl_FWVqPUgY8CUTqkhKpZM1eZRFQGbW:1
uc @ 961311cbebbffb6d.js?dpl=dpl_FWVqPUgY8CUTqkhKpZM1eZRFQGbW:1
uf @ 961311cbebbffb6d.js?dpl=dpl_FWVqPUgY8CUTqkhKpZM1eZRFQGbW:1
uc @ 961311cbebbffb6d.js?dpl=dpl_FWVqPUgY8CUTqkhKpZM1eZRFQGbW:1
uf @ 961311cbebbffb6d.js?dpl=dpl_FWVqPUgY8CUTqkhKpZM1eZRFQGbW:1
uc @ 961311cbebbffb6d.js?dpl=dpl_FWVqPUgY8CUTqkhKpZM1eZRFQGbW:1
uf @ 961311cbebbffb6d.js?dpl=dpl_FWVqPUgY8CUTqkhKpZM1eZRFQGbW:1
uc @ 961311cbebbffb6d.js?dpl=dpl_FWVqPUgY8CUTqkhKpZM1eZRFQGbW:1
uf @ 961311cbebbffb6d.js?dpl=dpl_FWVqPUgY8CUTqkhKpZM1eZRFQGbW:1
uc @ 961311cbebbffb6d.js?dpl=dpl_FWVqPUgY8CUTqkhKpZM1eZRFQGbW:1
uf @ 961311cbebbffb6d.js?dpl=dpl_FWVqPUgY8CUTqkhKpZM1eZRFQGbW:1
uc @ 961311cbebbffb6d.js?dpl=dpl_FWVqPUgY8CUTqkhKpZM1eZRFQGbW:1
uf @ 961311cbebbffb6d.js?dpl=dpl_FWVqPUgY8CUTqkhKpZM1eZRFQGbW:1
uc @ 961311cbebbffb6d.js?dpl=dpl_FWVqPUgY8CUTqkhKpZM1eZRFQGbW:1
uf @ 961311cbebbffb6d.js?dpl=dpl_FWVqPUgY8CUTqkhKpZM1eZRFQGbW:1
uc @ 961311cbebbffb6d.js?dpl=dpl_FWVqPUgY8CUTqkhKpZM1eZRFQGbW:1
uf @ 961311cbebbffb6d.js?dpl=dpl_FWVqPUgY8CUTqkhKpZM1eZRFQGbW:1
uc @ 961311cbebbffb6d.js?dpl=dpl_FWVqPUgY8CUTqkhKpZM1eZRFQGbW:1
uf @ 961311cbebbffb6d.js?dpl=dpl_FWVqPUgY8CUTqkhKpZM1eZRFQGbW:1
uc @ 961311cbebbffb6d.js?dpl=dpl_FWVqPUgY8CUTqkhKpZM1eZRFQGbW:1
uf @ 961311cbebbffb6d.js?dpl=dpl_FWVqPUgY8CUTqkhKpZM1eZRFQGbW:1
uc @ 961311cbebbffb6d.js?dpl=dpl_FWVqPUgY8CUTqkhKpZM1eZRFQGbW:1
uf @ 961311cbebbffb6d.js?dpl=dpl_FWVqPUgY8CUTqkhKpZM1eZRFQGbW:1
uc @ 961311cbebbffb6d.js?dpl=dpl_FWVqPUgY8CUTqkhKpZM1eZRFQGbW:1
uf @ 961311cbebbffb6d.js?dpl=dpl_FWVqPUgY8CUTqkhKpZM1eZRFQGbW:1
uc @ 961311cbebbffb6d.js?dpl=dpl_FWVqPUgY8CUTqkhKpZM1eZRFQGbW:1
uf @ 961311cbebbffb6d.js?dpl=dpl_FWVqPUgY8CUTqkhKpZM1eZRFQGbW:1
uc @ 961311cbebbffb6d.js?dpl=dpl_FWVqPUgY8CUTqkhKpZM1eZRFQGbW:1
uf @ 961311cbebbffb6d.js?dpl=dpl_FWVqPUgY8CUTqkhKpZM1eZRFQGbW:1
uc @ 961311cbebbffb6d.js?dpl=dpl_FWVqPUgY8CUTqkhKpZM1eZRFQGbW:1
uf @ 961311cbebbffb6d.js?dpl=dpl_FWVqPUgY8CUTqkhKpZM1eZRFQGbW:1
uc @ 961311cbebbffb6d.js?dpl=dpl_FWVqPUgY8CUTqkhKpZM1eZRFQGbW:1
uf @ 961311cbebbffb6d.js?dpl=dpl_FWVqPUgY8CUTqkhKpZM1eZRFQGbW:1
uc @ 961311cbebbffb6d.js?dpl=dpl_FWVqPUgY8CUTqkhKpZM1eZRFQGbW:1
uf @ 961311cbebbffb6d.js?dpl=dpl_FWVqPUgY8CUTqkhKpZM1eZRFQGbW:1
uc @ 961311cbebbffb6d.js?dpl=dpl_FWVqPUgY8CUTqkhKpZM1eZRFQGbW:1
uf @ 961311cbebbffb6d.js?dpl=dpl_FWVqPUgY8CUTqkhKpZM1eZRFQGbW:1
uc @ 961311cbebbffb6d.js?dpl=dpl_FWVqPUgY8CUTqkhKpZM1eZRFQGbW:1
uf @ 961311cbebbffb6d.js?dpl=dpl_FWVqPUgY8CUTqkhKpZM1eZRFQGbW:1
uc @ 961311cbebbffb6d.js?dpl=dpl_FWVqPUgY8CUTqkhKpZM1eZRFQGbW:1
uf @ 961311cbebbffb6d.js?dpl=dpl_FWVqPUgY8CUTqkhKpZM1eZRFQGbW:1
uc @ 961311cbebbffb6d.js?dpl=dpl_FWVqPUgY8CUTqkhKpZM1eZRFQGbW:1
uf @ 961311cbebbffb6d.js?dpl=dpl_FWVqPUgY8CUTqkhKpZM1eZRFQGbW:1
uc @ 961311cbebbffb6d.js?dpl=dpl_FWVqPUgY8CUTqkhKpZM1eZRFQGbW:1
uf @ 961311cbebbffb6d.js?dpl=dpl_FWVqPUgY8CUTqkhKpZM1eZRFQGbW:1
uc @ 961311cbebbffb6d.js?dpl=dpl_FWVqPUgY8CUTqkhKpZM1eZRFQGbW:1
uf @ 961311cbebbffb6d.js?dpl=dpl_FWVqPUgY8CUTqkhKpZM1eZRFQGbW:1
uc @ 961311cbebbffb6d.js?dpl=dpl_FWVqPUgY8CUTqkhKpZM1eZRFQGbW:1
uf @ 961311cbebbffb6d.js?dpl=dpl_FWVqPUgY8CUTqkhKpZM1eZRFQGbW:1
uc @ 961311cbebbffb6d.js?dpl=dpl_FWVqPUgY8CUTqkhKpZM1eZRFQGbW:1
uf @ 961311cbebbffb6d.js?dpl=dpl_FWVqPUgY8CUTqkhKpZM1eZRFQGbW:1
uc @ 961311cbebbffb6d.js?dpl=dpl_FWVqPUgY8CUTqkhKpZM1eZRFQGbW:1
uf @ 961311cbebbffb6d.js?dpl=dpl_FWVqPUgY8CUTqkhKpZM1eZRFQGbW:1
uc @ 961311cbebbffb6d.js?dpl=dpl_FWVqPUgY8CUTqkhKpZM1eZRFQGbW:1
uf @ 961311cbebbffb6d.js?dpl=dpl_FWVqPUgY8CUTqkhKpZM1eZRFQGbW:1
uc @ 961311cbebbffb6d.js?dpl=dpl_FWVqPUgY8CUTqkhKpZM1eZRFQGbW:1
uf @ 961311cbebbffb6d.js?dpl=dpl_FWVqPUgY8CUTqkhKpZM1eZRFQGbW:1
uc @ 961311cbebbffb6d.js?dpl=dpl_FWVqPUgY8CUTqkhKpZM1eZRFQGbW:1
uf @ 961311cbebbffb6d.js?dpl=dpl_FWVqPUgY8CUTqkhKpZM1eZRFQGbW:1
uc @ 961311cbebbffb6d.js?dpl=dpl_FWVqPUgY8CUTqkhKpZM1eZRFQGbW:1
uf @ 961311cbebbffb6d.js?dpl=dpl_FWVqPUgY8CUTqkhKpZM1eZRFQGbW:1
uc @ 961311cbebbffb6d.js?dpl=dpl_FWVqPUgY8CUTqkhKpZM1eZRFQGbW:1
uf @ 961311cbebbffb6d.js?dpl=dpl_FWVqPUgY8CUTqkhKpZM1eZRFQGbW:1
uc @ 961311cbebbffb6d.js?dpl=dpl_FWVqPUgY8CUTqkhKpZM1eZRFQGbW:1
uf @ 961311cbebbffb6d.js?dpl=dpl_FWVqPUgY8CUTqkhKpZM1eZRFQGbW:1
uc @ 961311cbebbffb6d.js?dpl=dpl_FWVqPUgY8CUTqkhKpZM1eZRFQGbW:1
uf @ 961311cbebbffb6d.js?dpl=dpl_FWVqPUgY8CUTqkhKpZM1eZRFQGbW:1
uc @ 961311cbebbffb6d.js?dpl=dpl_FWVqPUgY8CUTqkhKpZM1eZRFQGbW:1
uf @ 961311cbebbffb6d.js?dpl=dpl_FWVqPUgY8CUTqkhKpZM1eZRFQGbW:1
uc @ 961311cbebbffb6d.js?dpl=dpl_FWVqPUgY8CUTqkhKpZM1eZRFQGbW:1
uf @ 961311cbebbffb6d.js?dpl=dpl_FWVqPUgY8CUTqkhKpZM1eZRFQGbW:1
sE @ 961311cbebbffb6d.js?dpl=dpl_FWVqPUgY8CUTqkhKpZM1eZRFQGbW:1
(anonymous) @ 961311cbebbffb6d.js?dpl=dpl_FWVqPUgY8CUTqkhKpZM1eZRFQGbW:1
O @ 961311cbebbffb6d.js?dpl=dpl_FWVqPUgY8CUTqkhKpZM1eZRFQGbW:1
postMessage
i @ 961311cbebbffb6d.js?dpl=dpl_FWVqPUgY8CUTqkhKpZM1eZRFQGbW:1
O @ 961311cbebbffb6d.js?dpl=dpl_FWVqPUgY8CUTqkhKpZM1eZRFQGbW:1
postMessage
i @ 961311cbebbffb6d.js?dpl=dpl_FWVqPUgY8CUTqkhKpZM1eZRFQGbW:1
(anonymous) @ 961311cbebbffb6d.js?dpl=dpl_FWVqPUgY8CUTqkhKpZM1eZRFQGbW:1
sB @ 961311cbebbffb6d.js?dpl=dpl_FWVqPUgY8CUTqkhKpZM1eZRFQGbW:1
sU @ 961311cbebbffb6d.js?dpl=dpl_FWVqPUgY8CUTqkhKpZM1eZRFQGbW:1
(anonymous) @ 961311cbebbffb6d.js?dpl=dpl_FWVqPUgY8CUTqkhKpZM1eZRFQGbW:1
30b4a5f71a7e3396.js?dpl=dpl_FWVqPUgY8CUTqkhKpZM1eZRFQGbW:1 [olera] SIGNED_IN fetch failed: Error: accounts query timed out after 5000ms
    at 30b4a5f71a7e3396.js?dpl=dpl_FWVqPUgY8CUTqkhKpZM1eZRFQGbW:1:10937
(anonymous) @ 30b4a5f71a7e3396.js?dpl=dpl_FWVqPUgY8CUTqkhKpZM1eZRFQGbW:1
await in (anonymous)
(anonymous) @ 65b0d0eb7259b3ed.js?dpl=dpl_FWVqPUgY8CUTqkhKpZM1eZRFQGbW:37
_notifyAllSubscribers @ 65b0d0eb7259b3ed.js?dpl=dpl_FWVqPUgY8CUTqkhKpZM1eZRFQGbW:37
_recoverAndRefresh @ 65b0d0eb7259b3ed.js?dpl=dpl_FWVqPUgY8CUTqkhKpZM1eZRFQGbW:37
await in _recoverAndRefresh
(anonymous) @ 65b0d0eb7259b3ed.js?dpl=dpl_FWVqPUgY8CUTqkhKpZM1eZRFQGbW:37
(anonymous) @ 65b0d0eb7259b3ed.js?dpl=dpl_FWVqPUgY8CUTqkhKpZM1eZRFQGbW:37
(anonymous) @ 65b0d0eb7259b3ed.js?dpl=dpl_FWVqPUgY8CUTqkhKpZM1eZRFQGbW:24
VM55 69f48b2cbf9ce690.js:13 [welcome-card] {connectionIdParam: null, connectionExists: false, toProfile: null, isConnected: false, showConnectionCard: false, …}
VM55 69f48b2cbf9ce690.js:13 [welcome-card] {connectionIdParam: null, connectionExists: false, toProfile: null, isConnected: false, showConnectionCard: false, …}
VM55 69f48b2cbf9ce690.js:1 [benefits-save-timings] welcome_activeProfile_ready
VM55 69f48b2cbf9ce690.js:13 [welcome-card] {connectionIdParam: null, connectionExists: false, toProfile: null, isConnected: false, showConnectionCard: false, …}
VM55 69f48b2cbf9ce690.js:13 [welcome-card] {connectionIdParam: null, connectionExists: false, toProfile: null, isConnected: false, showConnectionCard: false, …}
073689e2a3bce804.js?dpl=dpl_FWVqPUgY8CUTqkhKpZM1eZRFQGbW:1  GET https://olera-7q7lsm2qo-olera.vercel.app/api/admin/auth 403 (Forbidden)
(anonymous) @ 073689e2a3bce804.js?dpl=dpl_FWVqPUgY8CUTqkhKpZM1eZRFQGbW:1
ih @ 961311cbebbffb6d.js?dpl=dpl_FWVqPUgY8CUTqkhKpZM1eZRFQGbW:1
uf @ 961311cbebbffb6d.js?dpl=dpl_FWVqPUgY8CUTqkhKpZM1eZRFQGbW:1
uc @ 961311cbebbffb6d.js?dpl=dpl_FWVqPUgY8CUTqkhKpZM1eZRFQGbW:1
uf @ 961311cbebbffb6d.js?dpl=dpl_FWVqPUgY8CUTqkhKpZM1eZRFQGbW:1
uc @ 961311cbebbffb6d.js?dpl=dpl_FWVqPUgY8CUTqkhKpZM1eZRFQGbW:1
uf @ 961311cbebbffb6d.js?dpl=dpl_FWVqPUgY8CUTqkhKpZM1eZRFQGbW:1
uc @ 961311cbebbffb6d.js?dpl=dpl_FWVqPUgY8CUTqkhKpZM1eZRFQGbW:1
uf @ 961311cbebbffb6d.js?dpl=dpl_FWVqPUgY8CUTqkhKpZM1eZRFQGbW:1
uc @ 961311cbebbffb6d.js?dpl=dpl_FWVqPUgY8CUTqkhKpZM1eZRFQGbW:1
uf @ 961311cbebbffb6d.js?dpl=dpl_FWVqPUgY8CUTqkhKpZM1eZRFQGbW:1
uc @ 961311cbebbffb6d.js?dpl=dpl_FWVqPUgY8CUTqkhKpZM1eZRFQGbW:1
uf @ 961311cbebbffb6d.js?dpl=dpl_FWVqPUgY8CUTqkhKpZM1eZRFQGbW:1
uc @ 961311cbebbffb6d.js?dpl=dpl_FWVqPUgY8CUTqkhKpZM1eZRFQGbW:1
uf @ 961311cbebbffb6d.js?dpl=dpl_FWVqPUgY8CUTqkhKpZM1eZRFQGbW:1
uc @ 961311cbebbffb6d.js?dpl=dpl_FWVqPUgY8CUTqkhKpZM1eZRFQGbW:1
uf @ 961311cbebbffb6d.js?dpl=dpl_FWVqPUgY8CUTqkhKpZM1eZRFQGbW:1
uc @ 961311cbebbffb6d.js?dpl=dpl_FWVqPUgY8CUTqkhKpZM1eZRFQGbW:1
uf @ 961311cbebbffb6d.js?dpl=dpl_FWVqPUgY8CUTqkhKpZM1eZRFQGbW:1
uc @ 961311cbebbffb6d.js?dpl=dpl_FWVqPUgY8CUTqkhKpZM1eZRFQGbW:1
uf @ 961311cbebbffb6d.js?dpl=dpl_FWVqPUgY8CUTqkhKpZM1eZRFQGbW:1
uc @ 961311cbebbffb6d.js?dpl=dpl_FWVqPUgY8CUTqkhKpZM1eZRFQGbW:1
uf @ 961311cbebbffb6d.js?dpl=dpl_FWVqPUgY8CUTqkhKpZM1eZRFQGbW:1
uc @ 961311cbebbffb6d.js?dpl=dpl_FWVqPUgY8CUTqkhKpZM1eZRFQGbW:1
uf @ 961311cbebbffb6d.js?dpl=dpl_FWVqPUgY8CUTqkhKpZM1eZRFQGbW:1
uc @ 961311cbebbffb6d.js?dpl=dpl_FWVqPUgY8CUTqkhKpZM1eZRFQGbW:1
uf @ 961311cbebbffb6d.js?dpl=dpl_FWVqPUgY8CUTqkhKpZM1eZRFQGbW:1
uc @ 961311cbebbffb6d.js?dpl=dpl_FWVqPUgY8CUTqkhKpZM1eZRFQGbW:1
uf @ 961311cbebbffb6d.js?dpl=dpl_FWVqPUgY8CUTqkhKpZM1eZRFQGbW:1
uc @ 961311cbebbffb6d.js?dpl=dpl_FWVqPUgY8CUTqkhKpZM1eZRFQGbW:1
uf @ 961311cbebbffb6d.js?dpl=dpl_FWVqPUgY8CUTqkhKpZM1eZRFQGbW:1
uc @ 961311cbebbffb6d.js?dpl=dpl_FWVqPUgY8CUTqkhKpZM1eZRFQGbW:1
uf @ 961311cbebbffb6d.js?dpl=dpl_FWVqPUgY8CUTqkhKpZM1eZRFQGbW:1
uc @ 961311cbebbffb6d.js?dpl=dpl_FWVqPUgY8CUTqkhKpZM1eZRFQGbW:1
uf @ 961311cbebbffb6d.js?dpl=dpl_FWVqPUgY8CUTqkhKpZM1eZRFQGbW:1
uc @ 961311cbebbffb6d.js?dpl=dpl_FWVqPUgY8CUTqkhKpZM1eZRFQGbW:1
uf @ 961311cbebbffb6d.js?dpl=dpl_FWVqPUgY8CUTqkhKpZM1eZRFQGbW:1
uc @ 961311cbebbffb6d.js?dpl=dpl_FWVqPUgY8CUTqkhKpZM1eZRFQGbW:1
uf @ 961311cbebbffb6d.js?dpl=dpl_FWVqPUgY8CUTqkhKpZM1eZRFQGbW:1
uc @ 961311cbebbffb6d.js?dpl=dpl_FWVqPUgY8CUTqkhKpZM1eZRFQGbW:1
uf @ 961311cbebbffb6d.js?dpl=dpl_FWVqPUgY8CUTqkhKpZM1eZRFQGbW:1
uc @ 961311cbebbffb6d.js?dpl=dpl_FWVqPUgY8CUTqkhKpZM1eZRFQGbW:1
uf @ 961311cbebbffb6d.js?dpl=dpl_FWVqPUgY8CUTqkhKpZM1eZRFQGbW:1
uc @ 961311cbebbffb6d.js?dpl=dpl_FWVqPUgY8CUTqkhKpZM1eZRFQGbW:1
uf @ 961311cbebbffb6d.js?dpl=dpl_FWVqPUgY8CUTqkhKpZM1eZRFQGbW:1
uc @ 961311cbebbffb6d.js?dpl=dpl_FWVqPUgY8CUTqkhKpZM1eZRFQGbW:1
uf @ 961311cbebbffb6d.js?dpl=dpl_FWVqPUgY8CUTqkhKpZM1eZRFQGbW:1
uc @ 961311cbebbffb6d.js?dpl=dpl_FWVqPUgY8CUTqkhKpZM1eZRFQGbW:1
uf @ 961311cbebbffb6d.js?dpl=dpl_FWVqPUgY8CUTqkhKpZM1eZRFQGbW:1
uc @ 961311cbebbffb6d.js?dpl=dpl_FWVqPUgY8CUTqkhKpZM1eZRFQGbW:1
uf @ 961311cbebbffb6d.js?dpl=dpl_FWVqPUgY8CUTqkhKpZM1eZRFQGbW:1
uc @ 961311cbebbffb6d.js?dpl=dpl_FWVqPUgY8CUTqkhKpZM1eZRFQGbW:1
uf @ 961311cbebbffb6d.js?dpl=dpl_FWVqPUgY8CUTqkhKpZM1eZRFQGbW:1
uc @ 961311cbebbffb6d.js?dpl=dpl_FWVqPUgY8CUTqkhKpZM1eZRFQGbW:1
uf @ 961311cbebbffb6d.js?dpl=dpl_FWVqPUgY8CUTqkhKpZM1eZRFQGbW:1
uc @ 961311cbebbffb6d.js?dpl=dpl_FWVqPUgY8CUTqkhKpZM1eZRFQGbW:1
uf @ 961311cbebbffb6d.js?dpl=dpl_FWVqPUgY8CUTqkhKpZM1eZRFQGbW:1
uc @ 961311cbebbffb6d.js?dpl=dpl_FWVqPUgY8CUTqkhKpZM1eZRFQGbW:1
uf @ 961311cbebbffb6d.js?dpl=dpl_FWVqPUgY8CUTqkhKpZM1eZRFQGbW:1
uc @ 961311cbebbffb6d.js?dpl=dpl_FWVqPUgY8CUTqkhKpZM1eZRFQGbW:1
uf @ 961311cbebbffb6d.js?dpl=dpl_FWVqPUgY8CUTqkhKpZM1eZRFQGbW:1
uc @ 961311cbebbffb6d.js?dpl=dpl_FWVqPUgY8CUTqkhKpZM1eZRFQGbW:1
uf @ 961311cbebbffb6d.js?dpl=dpl_FWVqPUgY8CUTqkhKpZM1eZRFQGbW:1
uc @ 961311cbebbffb6d.js?dpl=dpl_FWVqPUgY8CUTqkhKpZM1eZRFQGbW:1
uf @ 961311cbebbffb6d.js?dpl=dpl_FWVqPUgY8CUTqkhKpZM1eZRFQGbW:1
uc @ 961311cbebbffb6d.js?dpl=dpl_FWVqPUgY8CUTqkhKpZM1eZRFQGbW:1
uf @ 961311cbebbffb6d.js?dpl=dpl_FWVqPUgY8CUTqkhKpZM1eZRFQGbW:1
uc @ 961311cbebbffb6d.js?dpl=dpl_FWVqPUgY8CUTqkhKpZM1eZRFQGbW:1
uf @ 961311cbebbffb6d.js?dpl=dpl_FWVqPUgY8CUTqkhKpZM1eZRFQGbW:1
uc @ 961311cbebbffb6d.js?dpl=dpl_FWVqPUgY8CUTqkhKpZM1eZRFQGbW:1
uf @ 961311cbebbffb6d.js?dpl=dpl_FWVqPUgY8CUTqkhKpZM1eZRFQGbW:1
uc @ 961311cbebbffb6d.js?dpl=dpl_FWVqPUgY8CUTqkhKpZM1eZRFQGbW:1
uf @ 961311cbebbffb6d.js?dpl=dpl_FWVqPUgY8CUTqkhKpZM1eZRFQGbW:1
sE @ 961311cbebbffb6d.js?dpl=dpl_FWVqPUgY8CUTqkhKpZM1eZRFQGbW:1
(anonymous) @ 961311cbebbffb6d.js?dpl=dpl_FWVqPUgY8CUTqkhKpZM1eZRFQGbW:1
O @ 961311cbebbffb6d.js?dpl=dpl_FWVqPUgY8CUTqkhKpZM1eZRFQGbW:1
postMessage
i @ 961311cbebbffb6d.js?dpl=dpl_FWVqPUgY8CUTqkhKpZM1eZRFQGbW:1
O @ 961311cbebbffb6d.js?dpl=dpl_FWVqPUgY8CUTqkhKpZM1eZRFQGbW:1
postMessage
i @ 961311cbebbffb6d.js?dpl=dpl_FWVqPUgY8CUTqkhKpZM1eZRFQGbW:1
(anonymous) @ 961311cbebbffb6d.js?dpl=dpl_FWVqPUgY8CUTqkhKpZM1eZRFQGbW:1
sB @ 961311cbebbffb6d.js?dpl=dpl_FWVqPUgY8CUTqkhKpZM1eZRFQGbW:1
sU @ 961311cbebbffb6d.js?dpl=dpl_FWVqPUgY8CUTqkhKpZM1eZRFQGbW:1
(anonymous) @ 961311cbebbffb6d.js?dpl=dpl_FWVqPUgY8CUTqkhKpZM1eZRFQGbW:1
30b4a5f71a7e3396.js?dpl=dpl_FWVqPUgY8CUTqkhKpZM1eZRFQGbW:1 [olera] SIGNED_IN fetch failed: Error: accounts query timed out after 5000ms
    at 30b4a5f71a7e3396.js?dpl=dpl_FWVqPUgY8CUTqkhKpZM1eZRFQGbW:1:10937
(anonymous) @ 30b4a5f71a7e3396.js?dpl=dpl_FWVqPUgY8CUTqkhKpZM1eZRFQGbW:1
await in (anonymous)
(anonymous) @ 65b0d0eb7259b3ed.js?dpl=dpl_FWVqPUgY8CUTqkhKpZM1eZRFQGbW:37
_notifyAllSubscribers @ 65b0d0eb7259b3ed.js?dpl=dpl_FWVqPUgY8CUTqkhKpZM1eZRFQGbW:37
_recoverAndRefresh @ 65b0d0eb7259b3ed.js?dpl=dpl_FWVqPUgY8CUTqkhKpZM1eZRFQGbW:37
await in _recoverAndRefresh
(anonymous) @ 65b0d0eb7259b3ed.js?dpl=dpl_FWVqPUgY8CUTqkhKpZM1eZRFQGbW:37
(anonymous) @ 65b0d0eb7259b3ed.js?dpl=dpl_FWVqPUgY8CUTqkhKpZM1eZRFQGbW:37
(anonymous) @ 65b0d0eb7259b3ed.js?dpl=dpl_FWVqPUgY8CUTqkhKpZM1eZRFQGbW:24
VM55 69f48b2cbf9ce690.js:13 [welcome-card] {connectionIdParam: null, connectionExists: false, toProfile: null, isConnected: false, showConnectionCard: false, …}allStepsComplete: falseconnectionExists: falseconnectionIdParam: nullisConnected: falseisFreshConnection: falseshowConnectionCard: falsetoProfile: null[[Prototype]]: Object
VM55 69f48b2cbf9ce690.js:13 [welcome-card] {connectionIdParam: null, connectionExists: false, toProfile: null, isConnected: false, showConnectionCard: false, …}
VM55 69f48b2cbf9ce690.js:1 [benefits-save-timings] welcome_activeProfile_ready
VM55 69f48b2cbf9ce690.js:13 [welcome-card] {connectionIdParam: null, connectionExists: false, toProfile: null, isConnected: false, showConnectionCard: false, …}
VM55 69f48b2cbf9ce690.js:13 [welcome-card] {connectionIdParam: null, connectionExists: false, toProfile: null, isConnected: false, showConnectionCard: false, …}
073689e2a3bce804.js?dpl=dpl_FWVqPUgY8CUTqkhKpZM1eZRFQGbW:1  GET https://olera-7q7lsm2qo-olera.vercel.app/api/admin/auth 403 (Forbidden)
(anonymous) @ 073689e2a3bce804.js?dpl=dpl_FWVqPUgY8CUTqkhKpZM1eZRFQGbW:1
ih @ 961311cbebbffb6d.js?dpl=dpl_FWVqPUgY8CUTqkhKpZM1eZRFQGbW:1
uf @ 961311cbebbffb6d.js?dpl=dpl_FWVqPUgY8CUTqkhKpZM1eZRFQGbW:1
uc @ 961311cbebbffb6d.js?dpl=dpl_FWVqPUgY8CUTqkhKpZM1eZRFQGbW:1
uf @ 961311cbebbffb6d.js?dpl=dpl_FWVqPUgY8CUTqkhKpZM1eZRFQGbW:1
uc @ 961311cbebbffb6d.js?dpl=dpl_FWVqPUgY8CUTqkhKpZM1eZRFQGbW:1
uf @ 961311cbebbffb6d.js?dpl=dpl_FWVqPUgY8CUTqkhKpZM1eZRFQGbW:1
uc @ 961311cbebbffb6d.js?dpl=dpl_FWVqPUgY8CUTqkhKpZM1eZRFQGbW:1
uf @ 961311cbebbffb6d.js?dpl=dpl_FWVqPUgY8CUTqkhKpZM1eZRFQGbW:1
uc @ 961311cbebbffb6d.js?dpl=dpl_FWVqPUgY8CUTqkhKpZM1eZRFQGbW:1
uf @ 961311cbebbffb6d.js?dpl=dpl_FWVqPUgY8CUTqkhKpZM1eZRFQGbW:1
uc @ 961311cbebbffb6d.js?dpl=dpl_FWVqPUgY8CUTqkhKpZM1eZRFQGbW:1
uf @ 961311cbebbffb6d.js?dpl=dpl_FWVqPUgY8CUTqkhKpZM1eZRFQGbW:1
uc @ 961311cbebbffb6d.js?dpl=dpl_FWVqPUgY8CUTqkhKpZM1eZRFQGbW:1
uf @ 961311cbebbffb6d.js?dpl=dpl_FWVqPUgY8CUTqkhKpZM1eZRFQGbW:1
uc @ 961311cbebbffb6d.js?dpl=dpl_FWVqPUgY8CUTqkhKpZM1eZRFQGbW:1
uf @ 961311cbebbffb6d.js?dpl=dpl_FWVqPUgY8CUTqkhKpZM1eZRFQGbW:1
uc @ 961311cbebbffb6d.js?dpl=dpl_FWVqPUgY8CUTqkhKpZM1eZRFQGbW:1
uf @ 961311cbebbffb6d.js?dpl=dpl_FWVqPUgY8CUTqkhKpZM1eZRFQGbW:1
uc @ 961311cbebbffb6d.js?dpl=dpl_FWVqPUgY8CUTqkhKpZM1eZRFQGbW:1
uf @ 961311cbebbffb6d.js?dpl=dpl_FWVqPUgY8CUTqkhKpZM1eZRFQGbW:1
uc @ 961311cbebbffb6d.js?dpl=dpl_FWVqPUgY8CUTqkhKpZM1eZRFQGbW:1
uf @ 961311cbebbffb6d.js?dpl=dpl_FWVqPUgY8CUTqkhKpZM1eZRFQGbW:1
uc @ 961311cbebbffb6d.js?dpl=dpl_FWVqPUgY8CUTqkhKpZM1eZRFQGbW:1
uf @ 961311cbebbffb6d.js?dpl=dpl_FWVqPUgY8CUTqkhKpZM1eZRFQGbW:1
uc @ 961311cbebbffb6d.js?dpl=dpl_FWVqPUgY8CUTqkhKpZM1eZRFQGbW:1
uf @ 961311cbebbffb6d.js?dpl=dpl_FWVqPUgY8CUTqkhKpZM1eZRFQGbW:1
uc @ 961311cbebbffb6d.js?dpl=dpl_FWVqPUgY8CUTqkhKpZM1eZRFQGbW:1
uf @ 961311cbebbffb6d.js?dpl=dpl_FWVqPUgY8CUTqkhKpZM1eZRFQGbW:1
uc @ 961311cbebbffb6d.js?dpl=dpl_FWVqPUgY8CUTqkhKpZM1eZRFQGbW:1
uf @ 961311cbebbffb6d.js?dpl=dpl_FWVqPUgY8CUTqkhKpZM1eZRFQGbW:1
uc @ 961311cbebbffb6d.js?dpl=dpl_FWVqPUgY8CUTqkhKpZM1eZRFQGbW:1
uf @ 961311cbebbffb6d.js?dpl=dpl_FWVqPUgY8CUTqkhKpZM1eZRFQGbW:1
uc @ 961311cbebbffb6d.js?dpl=dpl_FWVqPUgY8CUTqkhKpZM1eZRFQGbW:1
uf @ 961311cbebbffb6d.js?dpl=dpl_FWVqPUgY8CUTqkhKpZM1eZRFQGbW:1
uc @ 961311cbebbffb6d.js?dpl=dpl_FWVqPUgY8CUTqkhKpZM1eZRFQGbW:1
uf @ 961311cbebbffb6d.js?dpl=dpl_FWVqPUgY8CUTqkhKpZM1eZRFQGbW:1
uc @ 961311cbebbffb6d.js?dpl=dpl_FWVqPUgY8CUTqkhKpZM1eZRFQGbW:1
uf @ 961311cbebbffb6d.js?dpl=dpl_FWVqPUgY8CUTqkhKpZM1eZRFQGbW:1
uc @ 961311cbebbffb6d.js?dpl=dpl_FWVqPUgY8CUTqkhKpZM1eZRFQGbW:1
uf @ 961311cbebbffb6d.js?dpl=dpl_FWVqPUgY8CUTqkhKpZM1eZRFQGbW:1
uc @ 961311cbebbffb6d.js?dpl=dpl_FWVqPUgY8CUTqkhKpZM1eZRFQGbW:1
uf @ 961311cbebbffb6d.js?dpl=dpl_FWVqPUgY8CUTqkhKpZM1eZRFQGbW:1
uc @ 961311cbebbffb6d.js?dpl=dpl_FWVqPUgY8CUTqkhKpZM1eZRFQGbW:1
uf @ 961311cbebbffb6d.js?dpl=dpl_FWVqPUgY8CUTqkhKpZM1eZRFQGbW:1
uc @ 961311cbebbffb6d.js?dpl=dpl_FWVqPUgY8CUTqkhKpZM1eZRFQGbW:1
uf @ 961311cbebbffb6d.js?dpl=dpl_FWVqPUgY8CUTqkhKpZM1eZRFQGbW:1
uc @ 961311cbebbffb6d.js?dpl=dpl_FWVqPUgY8CUTqkhKpZM1eZRFQGbW:1
uf @ 961311cbebbffb6d.js?dpl=dpl_FWVqPUgY8CUTqkhKpZM1eZRFQGbW:1
uc @ 961311cbebbffb6d.js?dpl=dpl_FWVqPUgY8CUTqkhKpZM1eZRFQGbW:1
uf @ 961311cbebbffb6d.js?dpl=dpl_FWVqPUgY8CUTqkhKpZM1eZRFQGbW:1
uc @ 961311cbebbffb6d.js?dpl=dpl_FWVqPUgY8CUTqkhKpZM1eZRFQGbW:1
uf @ 961311cbebbffb6d.js?dpl=dpl_FWVqPUgY8CUTqkhKpZM1eZRFQGbW:1
uc @ 961311cbebbffb6d.js?dpl=dpl_FWVqPUgY8CUTqkhKpZM1eZRFQGbW:1
uf @ 961311cbebbffb6d.js?dpl=dpl_FWVqPUgY8CUTqkhKpZM1eZRFQGbW:1
uc @ 961311cbebbffb6d.js?dpl=dpl_FWVqPUgY8CUTqkhKpZM1eZRFQGbW:1
uf @ 961311cbebbffb6d.js?dpl=dpl_FWVqPUgY8CUTqkhKpZM1eZRFQGbW:1
uc @ 961311cbebbffb6d.js?dpl=dpl_FWVqPUgY8CUTqkhKpZM1eZRFQGbW:1
uf @ 961311cbebbffb6d.js?dpl=dpl_FWVqPUgY8CUTqkhKpZM1eZRFQGbW:1
uc @ 961311cbebbffb6d.js?dpl=dpl_FWVqPUgY8CUTqkhKpZM1eZRFQGbW:1
uf @ 961311cbebbffb6d.js?dpl=dpl_FWVqPUgY8CUTqkhKpZM1eZRFQGbW:1
uc @ 961311cbebbffb6d.js?dpl=dpl_FWVqPUgY8CUTqkhKpZM1eZRFQGbW:1
uf @ 961311cbebbffb6d.js?dpl=dpl_FWVqPUgY8CUTqkhKpZM1eZRFQGbW:1
uc @ 961311cbebbffb6d.js?dpl=dpl_FWVqPUgY8CUTqkhKpZM1eZRFQGbW:1
uf @ 961311cbebbffb6d.js?dpl=dpl_FWVqPUgY8CUTqkhKpZM1eZRFQGbW:1
uc @ 961311cbebbffb6d.js?dpl=dpl_FWVqPUgY8CUTqkhKpZM1eZRFQGbW:1
uf @ 961311cbebbffb6d.js?dpl=dpl_FWVqPUgY8CUTqkhKpZM1eZRFQGbW:1
uc @ 961311cbebbffb6d.js?dpl=dpl_FWVqPUgY8CUTqkhKpZM1eZRFQGbW:1
uf @ 961311cbebbffb6d.js?dpl=dpl_FWVqPUgY8CUTqkhKpZM1eZRFQGbW:1
uc @ 961311cbebbffb6d.js?dpl=dpl_FWVqPUgY8CUTqkhKpZM1eZRFQGbW:1
uf @ 961311cbebbffb6d.js?dpl=dpl_FWVqPUgY8CUTqkhKpZM1eZRFQGbW:1
uc @ 961311cbebbffb6d.js?dpl=dpl_FWVqPUgY8CUTqkhKpZM1eZRFQGbW:1
uf @ 961311cbebbffb6d.js?dpl=dpl_FWVqPUgY8CUTqkhKpZM1eZRFQGbW:1
sE @ 961311cbebbffb6d.js?dpl=dpl_FWVqPUgY8CUTqkhKpZM1eZRFQGbW:1
(anonymous) @ 961311cbebbffb6d.js?dpl=dpl_FWVqPUgY8CUTqkhKpZM1eZRFQGbW:1
O @ 961311cbebbffb6d.js?dpl=dpl_FWVqPUgY8CUTqkhKpZM1eZRFQGbW:1
postMessage
i @ 961311cbebbffb6d.js?dpl=dpl_FWVqPUgY8CUTqkhKpZM1eZRFQGbW:1
O @ 961311cbebbffb6d.js?dpl=dpl_FWVqPUgY8CUTqkhKpZM1eZRFQGbW:1
postMessage
i @ 961311cbebbffb6d.js?dpl=dpl_FWVqPUgY8CUTqkhKpZM1eZRFQGbW:1
(anonymous) @ 961311cbebbffb6d.js?dpl=dpl_FWVqPUgY8CUTqkhKpZM1eZRFQGbW:1
sB @ 961311cbebbffb6d.js?dpl=dpl_FWVqPUgY8CUTqkhKpZM1eZRFQGbW:1
sU @ 961311cbebbffb6d.js?dpl=dpl_FWVqPUgY8CUTqkhKpZM1eZRFQGbW:1
(anonymous) @ 961311cbebbffb6d.js?dpl=dpl_FWVqPUgY8CUTqkhKpZM1eZRFQGbW:1
30b4a5f71a7e3396.js?dpl=dpl_FWVqPUgY8CUTqkhKpZM1eZRFQGbW:1 [olera] SIGNED_IN fetch failed: Error: accounts query timed out after 5000ms
    at 30b4a5f71a7e3396.js?dpl=dpl_FWVqPUgY8CUTqkhKpZM1eZRFQGbW:1:10937
(anonymous) @ 30b4a5f71a7e3396.js?dpl=dpl_FWVqPUgY8CUTqkhKpZM1eZRFQGbW:1
await in (anonymous)
(anonymous) @ 65b0d0eb7259b3ed.js?dpl=dpl_FWVqPUgY8CUTqkhKpZM1eZRFQGbW:37
_notifyAllSubscribers @ 65b0d0eb7259b3ed.js?dpl=dpl_FWVqPUgY8CUTqkhKpZM1eZRFQGbW:37
_recoverAndRefresh @ 65b0d0eb7259b3ed.js?dpl=dpl_FWVqPUgY8CUTqkhKpZM1eZRFQGbW:37
await in _recoverAndRefresh
(anonymous) @ 65b0d0eb7259b3ed.js?dpl=dpl_FWVqPUgY8CUTqkhKpZM1eZRFQGbW:37
(anonymous) @ 65b0d0eb7259b3ed.js?dpl=dpl_FWVqPUgY8CUTqkhKpZM1eZRFQGbW:37
(anonymous) @ 65b0d0eb7259b3ed.js?dpl=dpl_FWVqPUgY8CUTqkhKpZM1eZRFQGbW:24
VM55 69f48b2cbf9ce690.js:13 [welcome-card] {connectionIdParam: null, connectionExists: false, toProfile: null, isConnected: false, showConnectionCard: false, …}
VM55 69f48b2cbf9ce690.js:13 [welcome-card] {connectionIdParam: null, connectionExists: false, toProfile: null, isConnected: false, showConnectionCard: false, …}
VM55 69f48b2cbf9ce690.js:1 [benefits-save-timings] welcome_activeProfile_ready
VM55 69f48b2cbf9ce690.js:13 [welcome-card] {connectionIdParam: null, connectionExists: false, toProfile: null, isConnected: false, showConnectionCard: false, …}
073689e2a3bce804.js?dpl=dpl_FWVqPUgY8CUTqkhKpZM1eZRFQGbW:1  GET https://olera-7q7lsm2qo-olera.vercel.app/api/admin/auth 403 (Forbidden)
(anonymous) @ 073689e2a3bce804.js?dpl=dpl_FWVqPUgY8CUTqkhKpZM1eZRFQGbW:1
ih @ 961311cbebbffb6d.js?dpl=dpl_FWVqPUgY8CUTqkhKpZM1eZRFQGbW:1
uf @ 961311cbebbffb6d.js?dpl=dpl_FWVqPUgY8CUTqkhKpZM1eZRFQGbW:1
uc @ 961311cbebbffb6d.js?dpl=dpl_FWVqPUgY8CUTqkhKpZM1eZRFQGbW:1
uf @ 961311cbebbffb6d.js?dpl=dpl_FWVqPUgY8CUTqkhKpZM1eZRFQGbW:1
uc @ 961311cbebbffb6d.js?dpl=dpl_FWVqPUgY8CUTqkhKpZM1eZRFQGbW:1
uf @ 961311cbebbffb6d.js?dpl=dpl_FWVqPUgY8CUTqkhKpZM1eZRFQGbW:1
uc @ 961311cbebbffb6d.js?dpl=dpl_FWVqPUgY8CUTqkhKpZM1eZRFQGbW:1
uf @ 961311cbebbffb6d.js?dpl=dpl_FWVqPUgY8CUTqkhKpZM1eZRFQGbW:1
uc @ 961311cbebbffb6d.js?dpl=dpl_FWVqPUgY8CUTqkhKpZM1eZRFQGbW:1
uf @ 961311cbebbffb6d.js?dpl=dpl_FWVqPUgY8CUTqkhKpZM1eZRFQGbW:1
uc @ 961311cbebbffb6d.js?dpl=dpl_FWVqPUgY8CUTqkhKpZM1eZRFQGbW:1
uf @ 961311cbebbffb6d.js?dpl=dpl_FWVqPUgY8CUTqkhKpZM1eZRFQGbW:1
uc @ 961311cbebbffb6d.js?dpl=dpl_FWVqPUgY8CUTqkhKpZM1eZRFQGbW:1
uf @ 961311cbebbffb6d.js?dpl=dpl_FWVqPUgY8CUTqkhKpZM1eZRFQGbW:1
uc @ 961311cbebbffb6d.js?dpl=dpl_FWVqPUgY8CUTqkhKpZM1eZRFQGbW:1
uf @ 961311cbebbffb6d.js?dpl=dpl_FWVqPUgY8CUTqkhKpZM1eZRFQGbW:1
uc @ 961311cbebbffb6d.js?dpl=dpl_FWVqPUgY8CUTqkhKpZM1eZRFQGbW:1
uf @ 961311cbebbffb6d.js?dpl=dpl_FWVqPUgY8CUTqkhKpZM1eZRFQGbW:1
uc @ 961311cbebbffb6d.js?dpl=dpl_FWVqPUgY8CUTqkhKpZM1eZRFQGbW:1
uf @ 961311cbebbffb6d.js?dpl=dpl_FWVqPUgY8CUTqkhKpZM1eZRFQGbW:1
uc @ 961311cbebbffb6d.js?dpl=dpl_FWVqPUgY8CUTqkhKpZM1eZRFQGbW:1
uf @ 961311cbebbffb6d.js?dpl=dpl_FWVqPUgY8CUTqkhKpZM1eZRFQGbW:1
uc @ 961311cbebbffb6d.js?dpl=dpl_FWVqPUgY8CUTqkhKpZM1eZRFQGbW:1
uf @ 961311cbebbffb6d.js?dpl=dpl_FWVqPUgY8CUTqkhKpZM1eZRFQGbW:1
uc @ 961311cbebbffb6d.js?dpl=dpl_FWVqPUgY8CUTqkhKpZM1eZRFQGbW:1
uf @ 961311cbebbffb6d.js?dpl=dpl_FWVqPUgY8CUTqkhKpZM1eZRFQGbW:1
uc @ 961311cbebbffb6d.js?dpl=dpl_FWVqPUgY8CUTqkhKpZM1eZRFQGbW:1
uf @ 961311cbebbffb6d.js?dpl=dpl_FWVqPUgY8CUTqkhKpZM1eZRFQGbW:1
uc @ 961311cbebbffb6d.js?dpl=dpl_FWVqPUgY8CUTqkhKpZM1eZRFQGbW:1
uf @ 961311cbebbffb6d.js?dpl=dpl_FWVqPUgY8CUTqkhKpZM1eZRFQGbW:1
uc @ 961311cbebbffb6d.js?dpl=dpl_FWVqPUgY8CUTqkhKpZM1eZRFQGbW:1
uf @ 961311cbebbffb6d.js?dpl=dpl_FWVqPUgY8CUTqkhKpZM1eZRFQGbW:1
uc @ 961311cbebbffb6d.js?dpl=dpl_FWVqPUgY8CUTqkhKpZM1eZRFQGbW:1
uf @ 961311cbebbffb6d.js?dpl=dpl_FWVqPUgY8CUTqkhKpZM1eZRFQGbW:1
uc @ 961311cbebbffb6d.js?dpl=dpl_FWVqPUgY8CUTqkhKpZM1eZRFQGbW:1
uf @ 961311cbebbffb6d.js?dpl=dpl_FWVqPUgY8CUTqkhKpZM1eZRFQGbW:1
uc @ 961311cbebbffb6d.js?dpl=dpl_FWVqPUgY8CUTqkhKpZM1eZRFQGbW:1
uf @ 961311cbebbffb6d.js?dpl=dpl_FWVqPUgY8CUTqkhKpZM1eZRFQGbW:1
uc @ 961311cbebbffb6d.js?dpl=dpl_FWVqPUgY8CUTqkhKpZM1eZRFQGbW:1
uf @ 961311cbebbffb6d.js?dpl=dpl_FWVqPUgY8CUTqkhKpZM1eZRFQGbW:1
uc @ 961311cbebbffb6d.js?dpl=dpl_FWVqPUgY8CUTqkhKpZM1eZRFQGbW:1
uf @ 961311cbebbffb6d.js?dpl=dpl_FWVqPUgY8CUTqkhKpZM1eZRFQGbW:1
uc @ 961311cbebbffb6d.js?dpl=dpl_FWVqPUgY8CUTqkhKpZM1eZRFQGbW:1
uf @ 961311cbebbffb6d.js?dpl=dpl_FWVqPUgY8CUTqkhKpZM1eZRFQGbW:1
uc @ 961311cbebbffb6d.js?dpl=dpl_FWVqPUgY8CUTqkhKpZM1eZRFQGbW:1
uf @ 961311cbebbffb6d.js?dpl=dpl_FWVqPUgY8CUTqkhKpZM1eZRFQGbW:1
uc @ 961311cbebbffb6d.js?dpl=dpl_FWVqPUgY8CUTqkhKpZM1eZRFQGbW:1
uf @ 961311cbebbffb6d.js?dpl=dpl_FWVqPUgY8CUTqkhKpZM1eZRFQGbW:1
uc @ 961311cbebbffb6d.js?dpl=dpl_FWVqPUgY8CUTqkhKpZM1eZRFQGbW:1
uf @ 961311cbebbffb6d.js?dpl=dpl_FWVqPUgY8CUTqkhKpZM1eZRFQGbW:1
uc @ 961311cbebbffb6d.js?dpl=dpl_FWVqPUgY8CUTqkhKpZM1eZRFQGbW:1
uf @ 961311cbebbffb6d.js?dpl=dpl_FWVqPUgY8CUTqkhKpZM1eZRFQGbW:1
uc @ 961311cbebbffb6d.js?dpl=dpl_FWVqPUgY8CUTqkhKpZM1eZRFQGbW:1
uf @ 961311cbebbffb6d.js?dpl=dpl_FWVqPUgY8CUTqkhKpZM1eZRFQGbW:1
uc @ 961311cbebbffb6d.js?dpl=dpl_FWVqPUgY8CUTqkhKpZM1eZRFQGbW:1
uf @ 961311cbebbffb6d.js?dpl=dpl_FWVqPUgY8CUTqkhKpZM1eZRFQGbW:1
uc @ 961311cbebbffb6d.js?dpl=dpl_FWVqPUgY8CUTqkhKpZM1eZRFQGbW:1
uf @ 961311cbebbffb6d.js?dpl=dpl_FWVqPUgY8CUTqkhKpZM1eZRFQGbW:1
uc @ 961311cbebbffb6d.js?dpl=dpl_FWVqPUgY8CUTqkhKpZM1eZRFQGbW:1
uf @ 961311cbebbffb6d.js?dpl=dpl_FWVqPUgY8CUTqkhKpZM1eZRFQGbW:1
uc @ 961311cbebbffb6d.js?dpl=dpl_FWVqPUgY8CUTqkhKpZM1eZRFQGbW:1
uf @ 961311cbebbffb6d.js?dpl=dpl_FWVqPUgY8CUTqkhKpZM1eZRFQGbW:1
uc @ 961311cbebbffb6d.js?dpl=dpl_FWVqPUgY8CUTqkhKpZM1eZRFQGbW:1
uf @ 961311cbebbffb6d.js?dpl=dpl_FWVqPUgY8CUTqkhKpZM1eZRFQGbW:1
uc @ 961311cbebbffb6d.js?dpl=dpl_FWVqPUgY8CUTqkhKpZM1eZRFQGbW:1
uf @ 961311cbebbffb6d.js?dpl=dpl_FWVqPUgY8CUTqkhKpZM1eZRFQGbW:1
uc @ 961311cbebbffb6d.js?dpl=dpl_FWVqPUgY8CUTqkhKpZM1eZRFQGbW:1
uf @ 961311cbebbffb6d.js?dpl=dpl_FWVqPUgY8CUTqkhKpZM1eZRFQGbW:1
uc @ 961311cbebbffb6d.js?dpl=dpl_FWVqPUgY8CUTqkhKpZM1eZRFQGbW:1
uf @ 961311cbebbffb6d.js?dpl=dpl_FWVqPUgY8CUTqkhKpZM1eZRFQGbW:1
uc @ 961311cbebbffb6d.js?dpl=dpl_FWVqPUgY8CUTqkhKpZM1eZRFQGbW:1
uf @ 961311cbebbffb6d.js?dpl=dpl_FWVqPUgY8CUTqkhKpZM1eZRFQGbW:1
sE @ 961311cbebbffb6d.js?dpl=dpl_FWVqPUgY8CUTqkhKpZM1eZRFQGbW:1
(anonymous) @ 961311cbebbffb6d.js?dpl=dpl_FWVqPUgY8CUTqkhKpZM1eZRFQGbW:1
O @ 961311cbebbffb6d.js?dpl=dpl_FWVqPUgY8CUTqkhKpZM1eZRFQGbW:1
postMessage
i @ 961311cbebbffb6d.js?dpl=dpl_FWVqPUgY8CUTqkhKpZM1eZRFQGbW:1
O @ 961311cbebbffb6d.js?dpl=dpl_FWVqPUgY8CUTqkhKpZM1eZRFQGbW:1
postMessage
i @ 961311cbebbffb6d.js?dpl=dpl_FWVqPUgY8CUTqkhKpZM1eZRFQGbW:1
(anonymous) @ 961311cbebbffb6d.js?dpl=dpl_FWVqPUgY8CUTqkhKpZM1eZRFQGbW:1
sB @ 961311cbebbffb6d.js?dpl=dpl_FWVqPUgY8CUTqkhKpZM1eZRFQGbW:1
sU @ 961311cbebbffb6d.js?dpl=dpl_FWVqPUgY8CUTqkhKpZM1eZRFQGbW:1
(anonymous) @ 961311cbebbffb6d.js?dpl=dpl_FWVqPUgY8CUTqkhKpZM1eZRFQGbW:1
VM55 69f48b2cbf9ce690.js:13 [welcome-card] {connectionIdParam: null, connectionExists: false, toProfile: null, isConnected: false, showConnectionCard: false, …}
30b4a5f71a7e3396.js?dpl=dpl_FWVqPUgY8CUTqkhKpZM1eZRFQGbW:1 [olera] SIGNED_IN fetch failed: Error: accounts query timed out after 5000ms
    at 30b4a5f71a7e3396.js?dpl=dpl_FWVqPUgY8CUTqkhKpZM1eZRFQGbW:1:10937
(anonymous) @ 30b4a5f71a7e3396.js?dpl=dpl_FWVqPUgY8CUTqkhKpZM1eZRFQGbW:1
await in (anonymous)
(anonymous) @ 65b0d0eb7259b3ed.js?dpl=dpl_FWVqPUgY8CUTqkhKpZM1eZRFQGbW:37
_notifyAllSubscribers @ 65b0d0eb7259b3ed.js?dpl=dpl_FWVqPUgY8CUTqkhKpZM1eZRFQGbW:37
_recoverAndRefresh @ 65b0d0eb7259b3ed.js?dpl=dpl_FWVqPUgY8CUTqkhKpZM1eZRFQGbW:37
await in _recoverAndRefresh
(anonymous) @ 65b0d0eb7259b3ed.js?dpl=dpl_FWVqPUgY8CUTqkhKpZM1eZRFQGbW:37
(anonymous) @ 65b0d0eb7259b3ed.js?dpl=dpl_FWVqPUgY8CUTqkhKpZM1eZRFQGbW:37
(anonymous) @ 65b0d0eb7259b3ed.js?dpl=dpl_FWVqPUgY8CUTqkhKpZM1eZRFQGbW:24
VM55 69f48b2cbf9ce690.js:13 [welcome-card] {connectionIdParam: null, connectionExists: false, toProfile: null, isConnected: false, showConnectionCard: false, …}
VM55 69f48b2cbf9ce690.js:13 [welcome-card] {connectionIdParam: null, connectionExists: false, toProfile: null, isConnected: false, showConnectionCard: false, …}
VM55 69f48b2cbf9ce690.js:1 [benefits-save-timings] welcome_activeProfile_ready
VM55 69f48b2cbf9ce690.js:13 [welcome-card] {connectionIdParam: null, connectionExists: false, toProfile: null, isConnected: false, showConnectionCard: false, …}
VM55 69f48b2cbf9ce690.js:13 [welcome-card] {connectionIdParam: null, connectionExists: false, toProfile: null, isConnected: false, showConnectionCard: false, …}
073689e2a3bce804.js?dpl=dpl_FWVqPUgY8CUTqkhKpZM1eZRFQGbW:1  GET https://olera-7q7lsm2qo-olera.vercel.app/api/admin/auth 403 (Forbidden)
(anonymous) @ 073689e2a3bce804.js?dpl=dpl_FWVqPUgY8CUTqkhKpZM1eZRFQGbW:1
ih @ 961311cbebbffb6d.js?dpl=dpl_FWVqPUgY8CUTqkhKpZM1eZRFQGbW:1
uf @ 961311cbebbffb6d.js?dpl=dpl_FWVqPUgY8CUTqkhKpZM1eZRFQGbW:1
uc @ 961311cbebbffb6d.js?dpl=dpl_FWVqPUgY8CUTqkhKpZM1eZRFQGbW:1
uf @ 961311cbebbffb6d.js?dpl=dpl_FWVqPUgY8CUTqkhKpZM1eZRFQGbW:1
uc @ 961311cbebbffb6d.js?dpl=dpl_FWVqPUgY8CUTqkhKpZM1eZRFQGbW:1
uf @ 961311cbebbffb6d.js?dpl=dpl_FWVqPUgY8CUTqkhKpZM1eZRFQGbW:1
uc @ 961311cbebbffb6d.js?dpl=dpl_FWVqPUgY8CUTqkhKpZM1eZRFQGbW:1
uf @ 961311cbebbffb6d.js?dpl=dpl_FWVqPUgY8CUTqkhKpZM1eZRFQGbW:1
uc @ 961311cbebbffb6d.js?dpl=dpl_FWVqPUgY8CUTqkhKpZM1eZRFQGbW:1
uf @ 961311cbebbffb6d.js?dpl=dpl_FWVqPUgY8CUTqkhKpZM1eZRFQGbW:1
uc @ 961311cbebbffb6d.js?dpl=dpl_FWVqPUgY8CUTqkhKpZM1eZRFQGbW:1
uf @ 961311cbebbffb6d.js?dpl=dpl_FWVqPUgY8CUTqkhKpZM1eZRFQGbW:1
uc @ 961311cbebbffb6d.js?dpl=dpl_FWVqPUgY8CUTqkhKpZM1eZRFQGbW:1
uf @ 961311cbebbffb6d.js?dpl=dpl_FWVqPUgY8CUTqkhKpZM1eZRFQGbW:1
uc @ 961311cbebbffb6d.js?dpl=dpl_FWVqPUgY8CUTqkhKpZM1eZRFQGbW:1
uf @ 961311cbebbffb6d.js?dpl=dpl_FWVqPUgY8CUTqkhKpZM1eZRFQGbW:1
uc @ 961311cbebbffb6d.js?dpl=dpl_FWVqPUgY8CUTqkhKpZM1eZRFQGbW:1
uf @ 961311cbebbffb6d.js?dpl=dpl_FWVqPUgY8CUTqkhKpZM1eZRFQGbW:1
uc @ 961311cbebbffb6d.js?dpl=dpl_FWVqPUgY8CUTqkhKpZM1eZRFQGbW:1
uf @ 961311cbebbffb6d.js?dpl=dpl_FWVqPUgY8CUTqkhKpZM1eZRFQGbW:1
uc @ 961311cbebbffb6d.js?dpl=dpl_FWVqPUgY8CUTqkhKpZM1eZRFQGbW:1
uf @ 961311cbebbffb6d.js?dpl=dpl_FWVqPUgY8CUTqkhKpZM1eZRFQGbW:1
uc @ 961311cbebbffb6d.js?dpl=dpl_FWVqPUgY8CUTqkhKpZM1eZRFQGbW:1
uf @ 961311cbebbffb6d.js?dpl=dpl_FWVqPUgY8CUTqkhKpZM1eZRFQGbW:1
uc @ 961311cbebbffb6d.js?dpl=dpl_FWVqPUgY8CUTqkhKpZM1eZRFQGbW:1
uf @ 961311cbebbffb6d.js?dpl=dpl_FWVqPUgY8CUTqkhKpZM1eZRFQGbW:1
uc @ 961311cbebbffb6d.js?dpl=dpl_FWVqPUgY8CUTqkhKpZM1eZRFQGbW:1
uf @ 961311cbebbffb6d.js?dpl=dpl_FWVqPUgY8CUTqkhKpZM1eZRFQGbW:1
uc @ 961311cbebbffb6d.js?dpl=dpl_FWVqPUgY8CUTqkhKpZM1eZRFQGbW:1
uf @ 961311cbebbffb6d.js?dpl=dpl_FWVqPUgY8CUTqkhKpZM1eZRFQGbW:1
uc @ 961311cbebbffb6d.js?dpl=dpl_FWVqPUgY8CUTqkhKpZM1eZRFQGbW:1
uf @ 961311cbebbffb6d.js?dpl=dpl_FWVqPUgY8CUTqkhKpZM1eZRFQGbW:1
uc @ 961311cbebbffb6d.js?dpl=dpl_FWVqPUgY8CUTqkhKpZM1eZRFQGbW:1
uf @ 961311cbebbffb6d.js?dpl=dpl_FWVqPUgY8CUTqkhKpZM1eZRFQGbW:1
uc @ 961311cbebbffb6d.js?dpl=dpl_FWVqPUgY8CUTqkhKpZM1eZRFQGbW:1
uf @ 961311cbebbffb6d.js?dpl=dpl_FWVqPUgY8CUTqkhKpZM1eZRFQGbW:1
uc @ 961311cbebbffb6d.js?dpl=dpl_FWVqPUgY8CUTqkhKpZM1eZRFQGbW:1
uf @ 961311cbebbffb6d.js?dpl=dpl_FWVqPUgY8CUTqkhKpZM1eZRFQGbW:1
uc @ 961311cbebbffb6d.js?dpl=dpl_FWVqPUgY8CUTqkhKpZM1eZRFQGbW:1
uf @ 961311cbebbffb6d.js?dpl=dpl_FWVqPUgY8CUTqkhKpZM1eZRFQGbW:1
uc @ 961311cbebbffb6d.js?dpl=dpl_FWVqPUgY8CUTqkhKpZM1eZRFQGbW:1
uf @ 961311cbebbffb6d.js?dpl=dpl_FWVqPUgY8CUTqkhKpZM1eZRFQGbW:1
uc @ 961311cbebbffb6d.js?dpl=dpl_FWVqPUgY8CUTqkhKpZM1eZRFQGbW:1
uf @ 961311cbebbffb6d.js?dpl=dpl_FWVqPUgY8CUTqkhKpZM1eZRFQGbW:1
uc @ 961311cbebbffb6d.js?dpl=dpl_FWVqPUgY8CUTqkhKpZM1eZRFQGbW:1
uf @ 961311cbebbffb6d.js?dpl=dpl_FWVqPUgY8CUTqkhKpZM1eZRFQGbW:1
uc @ 961311cbebbffb6d.js?dpl=dpl_FWVqPUgY8CUTqkhKpZM1eZRFQGbW:1
uf @ 961311cbebbffb6d.js?dpl=dpl_FWVqPUgY8CUTqkhKpZM1eZRFQGbW:1
uc @ 961311cbebbffb6d.js?dpl=dpl_FWVqPUgY8CUTqkhKpZM1eZRFQGbW:1
uf @ 961311cbebbffb6d.js?dpl=dpl_FWVqPUgY8CUTqkhKpZM1eZRFQGbW:1
uc @ 961311cbebbffb6d.js?dpl=dpl_FWVqPUgY8CUTqkhKpZM1eZRFQGbW:1
uf @ 961311cbebbffb6d.js?dpl=dpl_FWVqPUgY8CUTqkhKpZM1eZRFQGbW:1
uc @ 961311cbebbffb6d.js?dpl=dpl_FWVqPUgY8CUTqkhKpZM1eZRFQGbW:1
uf @ 961311cbebbffb6d.js?dpl=dpl_FWVqPUgY8CUTqkhKpZM1eZRFQGbW:1
uc @ 961311cbebbffb6d.js?dpl=dpl_FWVqPUgY8CUTqkhKpZM1eZRFQGbW:1
uf @ 961311cbebbffb6d.js?dpl=dpl_FWVqPUgY8CUTqkhKpZM1eZRFQGbW:1
uc @ 961311cbebbffb6d.js?dpl=dpl_FWVqPUgY8CUTqkhKpZM1eZRFQGbW:1
uf @ 961311cbebbffb6d.js?dpl=dpl_FWVqPUgY8CUTqkhKpZM1eZRFQGbW:1
uc @ 961311cbebbffb6d.js?dpl=dpl_FWVqPUgY8CUTqkhKpZM1eZRFQGbW:1
uf @ 961311cbebbffb6d.js?dpl=dpl_FWVqPUgY8CUTqkhKpZM1eZRFQGbW:1
uc @ 961311cbebbffb6d.js?dpl=dpl_FWVqPUgY8CUTqkhKpZM1eZRFQGbW:1
uf @ 961311cbebbffb6d.js?dpl=dpl_FWVqPUgY8CUTqkhKpZM1eZRFQGbW:1
uc @ 961311cbebbffb6d.js?dpl=dpl_FWVqPUgY8CUTqkhKpZM1eZRFQGbW:1
uf @ 961311cbebbffb6d.js?dpl=dpl_FWVqPUgY8CUTqkhKpZM1eZRFQGbW:1
uc @ 961311cbebbffb6d.js?dpl=dpl_FWVqPUgY8CUTqkhKpZM1eZRFQGbW:1
uf @ 961311cbebbffb6d.js?dpl=dpl_FWVqPUgY8CUTqkhKpZM1eZRFQGbW:1
uc @ 961311cbebbffb6d.js?dpl=dpl_FWVqPUgY8CUTqkhKpZM1eZRFQGbW:1
uf @ 961311cbebbffb6d.js?dpl=dpl_FWVqPUgY8CUTqkhKpZM1eZRFQGbW:1
uc @ 961311cbebbffb6d.js?dpl=dpl_FWVqPUgY8CUTqkhKpZM1eZRFQGbW:1
uf @ 961311cbebbffb6d.js?dpl=dpl_FWVqPUgY8CUTqkhKpZM1eZRFQGbW:1
uc @ 961311cbebbffb6d.js?dpl=dpl_FWVqPUgY8CUTqkhKpZM1eZRFQGbW:1
uf @ 961311cbebbffb6d.js?dpl=dpl_FWVqPUgY8CUTqkhKpZM1eZRFQGbW:1
sE @ 961311cbebbffb6d.js?dpl=dpl_FWVqPUgY8CUTqkhKpZM1eZRFQGbW:1
(anonymous) @ 961311cbebbffb6d.js?dpl=dpl_FWVqPUgY8CUTqkhKpZM1eZRFQGbW:1
O @ 961311cbebbffb6d.js?dpl=dpl_FWVqPUgY8CUTqkhKpZM1eZRFQGbW:1
postMessage
i @ 961311cbebbffb6d.js?dpl=dpl_FWVqPUgY8CUTqkhKpZM1eZRFQGbW:1
O @ 961311cbebbffb6d.js?dpl=dpl_FWVqPUgY8CUTqkhKpZM1eZRFQGbW:1
postMessage
i @ 961311cbebbffb6d.js?dpl=dpl_FWVqPUgY8CUTqkhKpZM1eZRFQGbW:1
(anonymous) @ 961311cbebbffb6d.js?dpl=dpl_FWVqPUgY8CUTqkhKpZM1eZRFQGbW:1
sB @ 961311cbebbffb6d.js?dpl=dpl_FWVqPUgY8CUTqkhKpZM1eZRFQGbW:1
sU @ 961311cbebbffb6d.js?dpl=dpl_FWVqPUgY8CUTqkhKpZM1eZRFQGbW:1
(anonymous) @ 961311cbebbffb6d.js?dpl=dpl_FWVqPUgY8CUTqkhKpZM1eZRFQGbW:1
30b4a5f71a7e3396.js?dpl=dpl_FWVqPUgY8CUTqkhKpZM1eZRFQGbW:1 [olera] SIGNED_IN fetch failed: Error: accounts query timed out after 5000ms
    at 30b4a5f71a7e3396.js?dpl=dpl_FWVqPUgY8CUTqkhKpZM1eZRFQGbW:1:10937
(anonymous) @ 30b4a5f71a7e3396.js?dpl=dpl_FWVqPUgY8CUTqkhKpZM1eZRFQGbW:1
await in (anonymous)
(anonymous) @ 65b0d0eb7259b3ed.js?dpl=dpl_FWVqPUgY8CUTqkhKpZM1eZRFQGbW:37
_notifyAllSubscribers @ 65b0d0eb7259b3ed.js?dpl=dpl_FWVqPUgY8CUTqkhKpZM1eZRFQGbW:37
_recoverAndRefresh @ 65b0d0eb7259b3ed.js?dpl=dpl_FWVqPUgY8CUTqkhKpZM1eZRFQGbW:37
await in _recoverAndRefresh
(anonymous) @ 65b0d0eb7259b3ed.js?dpl=dpl_FWVqPUgY8CUTqkhKpZM1eZRFQGbW:37
(anonymous) @ 65b0d0eb7259b3ed.js?dpl=dpl_FWVqPUgY8CUTqkhKpZM1eZRFQGbW:37
(anonymous) @ 65b0d0eb7259b3ed.js?dpl=dpl_FWVqPUgY8CUTqkhKpZM1eZRFQGbW:24
VM55 69f48b2cbf9ce690.js:13 [welcome-card] {connectionIdParam: null, connectionExists: false, toProfile: null, isConnected: false, showConnectionCard: false, …}
